# JRE version: Java(TM) SE Runtime Environment (8.0_05-b13) (build 1.8.0_05-b13)
# Java VM: Java HotSpot(TM) 64-Bit Server VM (25.5-b02 mixed mode bsd-amd64 compressed oops)
Heap:
 PSYoungGen      total 12800K, used 11921K [0x000000076ab00000, 0x000000076bd80000, 0x00000007c0000000)
  eden space 11776K, 95% used [0x000000076ab00000,0x000000076b5f4620,0x000000076b680000)
  from space 1024K, 68% used [0x000000076b700000,0x000000076b7b0000,0x000000076b800000)
  to   space 3584K, 0% used [0x000000076ba00000,0x000000076ba00000,0x000000076bd80000)
 ParOldGen       total 260608K, used 7721K [0x00000006c0000000, 0x00000006cfe80000, 0x000000076ab00000)
  object space 260608K, 2% used [0x00000006c0000000,0x00000006c078a650,0x00000006cfe80000)
 Metaspace       used 19160K, capacity 19380K, committed 19456K, reserved 1067008K
  class space    used 2724K, capacity 2807K, committed 2816K, reserved 1048576K
GC Heap History (10 events):
Event: 22.304 GC heap before
{Heap before GC invocations=10 (full 0):
 PSYoungGen      total 9728K, used 9728K [0x000000076ab00000, 0x000000076bc00000, 0x00000007c0000000)
  eden space 7680K, 100% used [0x000000076ab00000,0x000000076b280000,0x000000076b280000)
  from space 2048K, 100% used [0x000000076b280000,0x000000076b480000,0x000000076b480000)
  to   space 2560K, 0% used [0x000000076b980000,0x000000076b980000,0x000000076bc00000)
 ParOldGen       total 260608K, used 2133K [0x00000006c0000000, 0x00000006cfe80000, 0x000000076ab00000)
  object space 260608K, 0% used [0x00000006c0000000,0x00000006c0215590,0x00000006cfe80000)
 Metaspace       used 14490K, capacity 14626K, committed 14720K, reserved 1062912K
  class space    used 2065K, capacity 2101K, committed 2176K, reserved 1048576K
Event: 22.308 GC heap after
Heap after GC invocations=10 (full 0):
 PSYoungGen      total 13824K, used 2528K [0x000000076ab00000, 0x000000076be00000, 0x00000007c0000000)
  eden space 11264K, 0% used [0x000000076ab00000,0x000000076ab00000,0x000000076b600000)
  from space 2560K, 98% used [0x000000076b980000,0x000000076bbf8010,0x000000076bc00000)
  to   space 3584K, 0% used [0x000000076b600000,0x000000076b600000,0x000000076b980000)
 ParOldGen       total 260608K, used 4370K [0x00000006c0000000, 0x00000006cfe80000, 0x000000076ab00000)
  object space 260608K, 1% used [0x00000006c0000000,0x00000006c04448d0,0x00000006cfe80000)
 Metaspace       used 14490K, capacity 14626K, committed 14720K, reserved 1062912K
  class space    used 2065K, capacity 2101K, committed 2176K, reserved 1048576K
}
Event: 23.469 GC heap before
{Heap before GC invocations=11 (full 0):
 PSYoungGen      total 13824K, used 5493K [0x000000076ab00000, 0x000000076be00000, 0x00000007c0000000)
  eden space 11264K, 26% used [0x000000076ab00000,0x000000076ade5518,0x000000076b600000)
  from space 2560K, 98% used [0x000000076b980000,0x000000076bbf8010,0x000000076bc00000)
  to   space 3584K, 0% used [0x000000076b600000,0x000000076b600000,0x000000076b980000)
 ParOldGen       total 260608K, used 4370K [0x00000006c0000000, 0x00000006cfe80000, 0x000000076ab00000)
  object space 260608K, 1% used [0x00000006c0000000,0x00000006c04448d0,0x00000006cfe80000)
 Metaspace       used 16006K, capacity 16198K, committed 16384K, reserved 1062912K
  class space    used 2270K, capacity 2300K, committed 2304K, reserved 1048576K
Event: 23.472 GC heap after
Heap after GC invocations=11 (full 0):
 PSYoungGen      total 14848K, used 704K [0x000000076ab00000, 0x000000076be00000, 0x00000007c0000000)
  eden space 11264K, 0% used [0x000000076ab00000,0x000000076ab00000,0x000000076b600000)
  from space 3584K, 19% used [0x000000076b600000,0x000000076b6b0000,0x000000076b980000)
  to   space 3584K, 0% used [0x000000076ba80000,0x000000076ba80000,0x000000076be00000)
 ParOldGen       total 260608K, used 8945K [0x00000006c0000000, 0x00000006cfe80000, 0x000000076ab00000)
  object space 260608K, 3% used [0x00000006c0000000,0x00000006c08bc738,0x00000006cfe80000)
 Metaspace       used 16006K, capacity 16198K, committed 16384K, reserved 1062912K
  class space    used 2270K, capacity 2300K, committed 2304K, reserved 1048576K
}
Event: 23.472 GC heap before
{Heap before GC invocations=12 (full 1):
 PSYoungGen      total 14848K, used 704K [0x000000076ab00000, 0x000000076be00000, 0x00000007c0000000)
  eden space 11264K, 0% used [0x000000076ab00000,0x000000076ab00000,0x000000076b600000)
  from space 3584K, 19% used [0x000000076b600000,0x000000076b6b0000,0x000000076b980000)
  to   space 3584K, 0% used [0x000000076ba80000,0x000000076ba80000,0x000000076be00000)
 ParOldGen       total 260608K, used 8945K [0x00000006c0000000, 0x00000006cfe80000, 0x000000076ab00000)
  object space 260608K, 3% used [0x00000006c0000000,0x00000006c08bc738,0x00000006cfe80000)
 Metaspace       used 16006K, capacity 16198K, committed 16384K, reserved 1062912K
  class space    used 2270K, capacity 2300K, committed 2304K, reserved 1048576K
Event: 23.516 GC heap after
Heap after GC invocations=12 (full 1):
 PSYoungGen      total 14848K, used 0K [0x000000076ab00000, 0x000000076be00000, 0x00000007c0000000)
  eden space 11264K, 0% used [0x000000076ab00000,0x000000076ab00000,0x000000076b600000)
  from space 3584K, 0% used [0x000000076b600000,0x000000076b600000,0x000000076b980000)
  to   space 3584K, 0% used [0x000000076ba80000,0x000000076ba80000,0x000000076be00000)
 ParOldGen       total 260608K, used 6877K [0x00000006c0000000, 0x00000006cfe80000, 0x000000076ab00000)
  object space 260608K, 2% used [0x00000006c0000000,0x00000006c06b7630,0x00000006cfe80000)
 Metaspace       used 16006K, capacity 16198K, committed 16384K, reserved 1062912K
  class space    used 2270K, capacity 2300K, committed 2304K, reserved 1048576K
}
Event: 43.947 GC heap before
{Heap before GC invocations=13 (full 1):
 PSYoungGen      total 14848K, used 11264K [0x000000076ab00000, 0x000000076be00000, 0x00000007c0000000)
  eden space 11264K, 100% used [0x000000076ab00000,0x000000076b600000,0x000000076b600000)
  from space 3584K, 0% used [0x000000076b600000,0x000000076b600000,0x000000076b980000)
  to   space 3584K, 0% used [0x000000076ba80000,0x000000076ba80000,0x000000076be00000)
 ParOldGen       total 260608K, used 6877K [0x00000006c0000000, 0x00000006cfe80000, 0x000000076ab00000)
  object space 260608K, 2% used [0x00000006c0000000,0x00000006c06b7630,0x00000006cfe80000)
 Metaspace       used 18056K, capacity 18208K, committed 18432K, reserved 1064960K
  class space    used 2663K, capacity 2690K, committed 2816K, reserved 1048576K
Event: 43.949 GC heap after
Heap after GC invocations=13 (full 1):
 PSYoungGen      total 15872K, used 1056K [0x000000076ab00000, 0x000000076c400000, 0x00000007c0000000)
  eden space 12288K, 0% used [0x000000076ab00000,0x000000076ab00000,0x000000076b700000)
  from space 3584K, 29% used [0x000000076ba80000,0x000000076bb88000,0x000000076be00000)
  to   space 3584K, 0% used [0x000000076b700000,0x000000076b700000,0x000000076ba80000)
 ParOldGen       total 260608K, used 6885K [0x00000006c0000000, 0x00000006cfe80000, 0x000000076ab00000)
  object space 260608K, 2% used [0x00000006c0000000,0x00000006c06b9630,0x00000006cfe80000)
 Metaspace       used 18056K, capacity 18208K, committed 18432K, reserved 1064960K
  class space    used 2663K, capacity 2690K, committed 2816K, reserved 1048576K
}
Event: 54.488 GC heap before
{Heap before GC invocations=14 (full 1):
 PSYoungGen      total 15872K, used 13344K [0x000000076ab00000, 0x000000076c400000, 0x00000007c0000000)
  eden space 12288K, 100% used [0x000000076ab00000,0x000000076b700000,0x000000076b700000)
  from space 3584K, 29% used [0x000000076ba80000,0x000000076bb88000,0x000000076be00000)
  to   space 3584K, 0% used [0x000000076b700000,0x000000076b700000,0x000000076ba80000)
 ParOldGen       total 260608K, used 6885K [0x00000006c0000000, 0x00000006cfe80000, 0x000000076ab00000)
  object space 260608K, 2% used [0x00000006c0000000,0x00000006c06b9630,0x00000006cfe80000)
 Metaspace       used 18653K, capacity 18852K, committed 19200K, reserved 1064960K
  class space    used 2686K, capacity 2703K, committed 2816K, reserved 1048576K
Event: 54.491 GC heap after
Heap after GC invocations=14 (full 1):
 PSYoungGen      total 12800K, used 704K [0x000000076ab00000, 0x000000076bd80000, 0x00000007c0000000)
  eden space 11776K, 0% used [0x000000076ab00000,0x000000076ab00000,0x000000076b680000)
  from space 1024K, 68% used [0x000000076b700000,0x000000076b7b0000,0x000000076b800000)
  to   space 3584K, 0% used [0x000000076ba00000,0x000000076ba00000,0x000000076bd80000)
 ParOldGen       total 260608K, used 7721K [0x00000006c0000000, 0x00000006cfe80000, 0x000000076ab00000)
  object space 260608K, 2% used [0x00000006c0000000,0x00000006c078a650,0x00000006cfe80000)
 Metaspace       used 18653K, capacity 18852K, committed 19200K, reserved 1064960K
  class space    used 2686K, capacity 2703K, committed 2816K, reserved 1048576K
}

