# JRE version: Java(TM) SE Runtime Environment (8.0_05-b13) (build 1.8.0_05-b13)
# Java VM: Java HotSpot(TM) 64-Bit Server VM (25.5-b02 mixed mode bsd-amd64 compressed oops)
Heap:
 PSYoungGen      total 13312K, used 4280K [0x000000076ab00000, 0x000000076bb00000, 0x00000007c0000000)
  eden space 11264K, 35% used [0x000000076ab00000,0x000000076aede138,0x000000076b600000)
  from space 2048K, 15% used [0x000000076b900000,0x000000076b950000,0x000000076bb00000)
  to   space 2560K, 0% used [0x000000076b600000,0x000000076b600000,0x000000076b880000)
 ParOldGen       total 260608K, used 8311K [0x00000006c0000000, 0x00000006cfe80000, 0x000000076ab00000)
  object space 260608K, 3% used [0x00000006c0000000,0x00000006c081dc58,0x00000006cfe80000)
 Metaspace       used 19082K, capacity 19358K, committed 19456K, reserved 1067008K
  class space    used 2725K, capacity 2814K, committed 2816K, reserved 1048576K
GC Heap History (10 events):
Event: 3.449 GC heap before
{Heap before GC invocations=11 (full 0):
 PSYoungGen      total 14848K, used 3862K [0x000000076ab00000, 0x000000076bc00000, 0x00000007c0000000)
  eden space 12288K, 18% used [0x000000076ab00000,0x000000076ad2cdd0,0x000000076b700000)
  from space 2560K, 63% used [0x000000076b980000,0x000000076bb18a90,0x000000076bc00000)
  to   space 2560K, 0% used [0x000000076b700000,0x000000076b700000,0x000000076b980000)
 ParOldGen       total 260608K, used 7469K [0x00000006c0000000, 0x00000006cfe80000, 0x000000076ab00000)
  object space 260608K, 2% used [0x00000006c0000000,0x00000006c074b4f0,0x00000006cfe80000)
 Metaspace       used 15999K, capacity 16198K, committed 16384K, reserved 1062912K
  class space    used 2271K, capacity 2300K, committed 2304K, reserved 1048576K
Event: 3.451 GC heap after
Heap after GC invocations=11 (full 0):
 PSYoungGen      total 14848K, used 576K [0x000000076ab00000, 0x000000076bc00000, 0x00000007c0000000)
  eden space 12288K, 0% used [0x000000076ab00000,0x000000076ab00000,0x000000076b700000)
  from space 2560K, 22% used [0x000000076b700000,0x000000076b790000,0x000000076b980000)
  to   space 2560K, 0% used [0x000000076b980000,0x000000076b980000,0x000000076bc00000)
 ParOldGen       total 260608K, used 8972K [0x00000006c0000000, 0x00000006cfe80000, 0x000000076ab00000)
  object space 260608K, 3% used [0x00000006c0000000,0x00000006c08c3060,0x00000006cfe80000)
 Metaspace       used 15999K, capacity 16198K, committed 16384K, reserved 1062912K
  class space    used 2271K, capacity 2300K, committed 2304K, reserved 1048576K
}
Event: 3.451 GC heap before
{Heap before GC invocations=12 (full 1):
 PSYoungGen      total 14848K, used 576K [0x000000076ab00000, 0x000000076bc00000, 0x00000007c0000000)
  eden space 12288K, 0% used [0x000000076ab00000,0x000000076ab00000,0x000000076b700000)
  from space 2560K, 22% used [0x000000076b700000,0x000000076b790000,0x000000076b980000)
  to   space 2560K, 0% used [0x000000076b980000,0x000000076b980000,0x000000076bc00000)
 ParOldGen       total 260608K, used 8972K [0x00000006c0000000, 0x00000006cfe80000, 0x000000076ab00000)
  object space 260608K, 3% used [0x00000006c0000000,0x00000006c08c3060,0x00000006cfe80000)
 Metaspace       used 15999K, capacity 16198K, committed 16384K, reserved 1062912K
  class space    used 2271K, capacity 2300K, committed 2304K, reserved 1048576K
Event: 3.485 GC heap after
Heap after GC invocations=12 (full 1):
 PSYoungGen      total 14848K, used 0K [0x000000076ab00000, 0x000000076bc00000, 0x00000007c0000000)
  eden space 12288K, 0% used [0x000000076ab00000,0x000000076ab00000,0x000000076b700000)
  from space 2560K, 0% used [0x000000076b700000,0x000000076b700000,0x000000076b980000)
  to   space 2560K, 0% used [0x000000076b980000,0x000000076b980000,0x000000076bc00000)
 ParOldGen       total 260608K, used 6873K [0x00000006c0000000, 0x00000006cfe80000, 0x000000076ab00000)
  object space 260608K, 2% used [0x00000006c0000000,0x00000006c06b6630,0x00000006cfe80000)
 Metaspace       used 15999K, capacity 16198K, committed 16384K, reserved 1062912K
  class space    used 2271K, capacity 2300K, committed 2304K, reserved 1048576K
}
Event: 5.012 GC heap before
{Heap before GC invocations=13 (full 1):
 PSYoungGen      total 14848K, used 12288K [0x000000076ab00000, 0x000000076bc00000, 0x00000007c0000000)
  eden space 12288K, 100% used [0x000000076ab00000,0x000000076b700000,0x000000076b700000)
  from space 2560K, 0% used [0x000000076b700000,0x000000076b700000,0x000000076b980000)
  to   space 2560K, 0% used [0x000000076b980000,0x000000076b980000,0x000000076bc00000)
 ParOldGen       total 260608K, used 6873K [0x00000006c0000000, 0x00000006cfe80000, 0x000000076ab00000)
  object space 260608K, 2% used [0x00000006c0000000,0x00000006c06b6630,0x00000006cfe80000)
 Metaspace       used 17989K, capacity 18214K, committed 18432K, reserved 1064960K
  class space    used 2664K, capacity 2691K, committed 2816K, reserved 1048576K
Event: 5.014 GC heap after
Heap after GC invocations=13 (full 1):
 PSYoungGen      total 14848K, used 1088K [0x000000076ab00000, 0x000000076c380000, 0x00000007c0000000)
  eden space 12288K, 0% used [0x000000076ab00000,0x000000076ab00000,0x000000076b700000)
  from space 2560K, 42% used [0x000000076b980000,0x000000076ba90000,0x000000076bc00000)
  to   space 2560K, 0% used [0x000000076b700000,0x000000076b700000,0x000000076b980000)
 ParOldGen       total 260608K, used 6881K [0x00000006c0000000, 0x00000006cfe80000, 0x000000076ab00000)
  object space 260608K, 2% used [0x00000006c0000000,0x00000006c06b8630,0x00000006cfe80000)
 Metaspace       used 17989K, capacity 18214K, committed 18432K, reserved 1064960K
  class space    used 2664K, capacity 2691K, committed 2816K, reserved 1048576K
}
Event: 14.999 GC heap before
{Heap before GC invocations=14 (full 1):
 PSYoungGen      total 14848K, used 13376K [0x000000076ab00000, 0x000000076c380000, 0x00000007c0000000)
  eden space 12288K, 100% used [0x000000076ab00000,0x000000076b700000,0x000000076b700000)
  from space 2560K, 42% used [0x000000076b980000,0x000000076ba90000,0x000000076bc00000)
  to   space 2560K, 0% used [0x000000076b700000,0x000000076b700000,0x000000076b980000)
 ParOldGen       total 260608K, used 6881K [0x00000006c0000000, 0x00000006cfe80000, 0x000000076ab00000)
  object space 260608K, 2% used [0x00000006c0000000,0x00000006c06b8630,0x00000006cfe80000)
 Metaspace       used 18782K, capacity 19036K, committed 19200K, reserved 1064960K
  class space    used 2705K, capacity 2803K, committed 2816K, reserved 1048576K
Event: 15.001 GC heap after
Heap after GC invocations=14 (full 1):
 PSYoungGen      total 12800K, used 704K [0x000000076ab00000, 0x000000076bb80000, 0x00000007c0000000)
  eden space 11776K, 0% used [0x000000076ab00000,0x000000076ab00000,0x000000076b680000)
  from space 1024K, 68% used [0x000000076b700000,0x000000076b7b0000,0x000000076b800000)
  to   space 2560K, 0% used [0x000000076b900000,0x000000076b900000,0x000000076bb80000)
 ParOldGen       total 260608K, used 7729K [0x00000006c0000000, 0x00000006cfe80000, 0x000000076ab00000)
  object space 260608K, 2% used [0x00000006c0000000,0x00000006c078c660,0x00000006cfe80000)
 Metaspace       used 18782K, capacity 19036K, committed 19200K, reserved 1064960K
  class space    used 2705K, capacity 2803K, committed 2816K, reserved 1048576K
}
Event: 21.488 GC heap before
{Heap before GC invocations=15 (full 1):
 PSYoungGen      total 12800K, used 12480K [0x000000076ab00000, 0x000000076bb80000, 0x00000007c0000000)
  eden space 11776K, 100% used [0x000000076ab00000,0x000000076b680000,0x000000076b680000)
  from space 1024K, 68% used [0x000000076b700000,0x000000076b7b0000,0x000000076b800000)
  to   space 2560K, 0% used [0x000000076b900000,0x000000076b900000,0x000000076bb80000)
 ParOldGen       total 260608K, used 7729K [0x00000006c0000000, 0x00000006cfe80000, 0x000000076ab00000)
  object space 260608K, 2% used [0x00000006c0000000,0x00000006c078c660,0x00000006cfe80000)
 Metaspace       used 19012K, capacity 19276K, committed 19456K, reserved 1067008K
  class space    used 2716K, capacity 2811K, committed 2816K, reserved 1048576K
Event: 21.489 GC heap after
Heap after GC invocations=15 (full 1):
 PSYoungGen      total 13312K, used 320K [0x000000076ab00000, 0x000000076bb00000, 0x00000007c0000000)
  eden space 11264K, 0% used [0x000000076ab00000,0x000000076ab00000,0x000000076b600000)
  from space 2048K, 15% used [0x000000076b900000,0x000000076b950000,0x000000076bb00000)
  to   space 2560K, 0% used [0x000000076b600000,0x000000076b600000,0x000000076b880000)
 ParOldGen       total 260608K, used 8311K [0x00000006c0000000, 0x00000006cfe80000, 0x000000076ab00000)
  object space 260608K, 3% used [0x00000006c0000000,0x00000006c081dc58,0x00000006cfe80000)
 Metaspace       used 19012K, capacity 19276K, committed 19456K, reserved 1067008K
  class space    used 2716K, capacity 2811K, committed 2816K, reserved 1048576K
}

