# JRE version: Java(TM) SE Runtime Environment (8.0_05-b13) (build 1.8.0_05-b13)
# Java VM: Java HotSpot(TM) 64-Bit Server VM (25.5-b02 mixed mode bsd-amd64 compressed oops)
Heap:
 PSYoungGen      total 12800K, used 8720K [0x000000076ab00000, 0x000000076bb80000, 0x00000007c0000000)
  eden space 11776K, 67% used [0x000000076ab00000,0x000000076b2c4218,0x000000076b680000)
  from space 1024K, 75% used [0x000000076b700000,0x000000076b7c0000,0x000000076b800000)
  to   space 2560K, 0% used [0x000000076b900000,0x000000076b900000,0x000000076bb80000)
 ParOldGen       total 260608K, used 7747K [0x00000006c0000000, 0x00000006cfe80000, 0x000000076ab00000)
  object space 260608K, 2% used [0x00000006c0000000,0x00000006c0790fe0,0x00000006cfe80000)
 Metaspace       used 18830K, capacity 19106K, committed 19200K, reserved 1064960K
  class space    used 2705K, capacity 2804K, committed 2816K, reserved 1048576K
GC Heap History (10 events):
Event: 2.986 GC heap before
{Heap before GC invocations=10 (full 0):
 PSYoungGen      total 9728K, used 9728K [0x000000076ab00000, 0x000000076bc00000, 0x00000007c0000000)
  eden space 7680K, 100% used [0x000000076ab00000,0x000000076b280000,0x000000076b280000)
  from space 2048K, 100% used [0x000000076b280000,0x000000076b480000,0x000000076b480000)
  to   space 2560K, 0% used [0x000000076b980000,0x000000076b980000,0x000000076bc00000)
 ParOldGen       total 260608K, used 2226K [0x00000006c0000000, 0x00000006cfe80000, 0x000000076ab00000)
  object space 260608K, 0% used [0x00000006c0000000,0x00000006c022cae8,0x00000006cfe80000)
 Metaspace       used 14518K, capacity 14626K, committed 14720K, reserved 1062912K
  class space    used 2065K, capacity 2101K, committed 2176K, reserved 1048576K
Event: 2.990 GC heap after
Heap after GC invocations=10 (full 0):
 PSYoungGen      total 14848K, used 1570K [0x000000076ab00000, 0x000000076bc00000, 0x00000007c0000000)
  eden space 12288K, 0% used [0x000000076ab00000,0x000000076ab00000,0x000000076b700000)
  from space 2560K, 61% used [0x000000076b980000,0x000000076bb08a90,0x000000076bc00000)
  to   space 2560K, 0% used [0x000000076b700000,0x000000076b700000,0x000000076b980000)
 ParOldGen       total 260608K, used 7482K [0x00000006c0000000, 0x00000006cfe80000, 0x000000076ab00000)
  object space 260608K, 2% used [0x00000006c0000000,0x00000006c074eb18,0x00000006cfe80000)
 Metaspace       used 14518K, capacity 14626K, committed 14720K, reserved 1062912K
  class space    used 2065K, capacity 2101K, committed 2176K, reserved 1048576K
}
Event: 3.897 GC heap before
{Heap before GC invocations=11 (full 0):
 PSYoungGen      total 14848K, used 4571K [0x000000076ab00000, 0x000000076bc00000, 0x00000007c0000000)
  eden space 12288K, 24% used [0x000000076ab00000,0x000000076adee538,0x000000076b700000)
  from space 2560K, 61% used [0x000000076b980000,0x000000076bb08a90,0x000000076bc00000)
  to   space 2560K, 0% used [0x000000076b700000,0x000000076b700000,0x000000076b980000)
 ParOldGen       total 260608K, used 7482K [0x00000006c0000000, 0x00000006cfe80000, 0x000000076ab00000)
  object space 260608K, 2% used [0x00000006c0000000,0x00000006c074eb18,0x00000006cfe80000)
 Metaspace       used 16011K, capacity 16198K, committed 16384K, reserved 1062912K
  class space    used 2270K, capacity 2300K, committed 2304K, reserved 1048576K
Event: 3.899 GC heap after
Heap after GC invocations=11 (full 0):
 PSYoungGen      total 14848K, used 640K [0x000000076ab00000, 0x000000076bc00000, 0x00000007c0000000)
  eden space 12288K, 0% used [0x000000076ab00000,0x000000076ab00000,0x000000076b700000)
  from space 2560K, 25% used [0x000000076b700000,0x000000076b7a0000,0x000000076b980000)
  to   space 2560K, 0% used [0x000000076b980000,0x000000076b980000,0x000000076bc00000)
 ParOldGen       total 260608K, used 8925K [0x00000006c0000000, 0x00000006cfe80000, 0x000000076ab00000)
  object space 260608K, 3% used [0x00000006c0000000,0x00000006c08b7410,0x00000006cfe80000)
 Metaspace       used 16011K, capacity 16198K, committed 16384K, reserved 1062912K
  class space    used 2270K, capacity 2300K, committed 2304K, reserved 1048576K
}
Event: 3.899 GC heap before
{Heap before GC invocations=12 (full 1):
 PSYoungGen      total 14848K, used 640K [0x000000076ab00000, 0x000000076bc00000, 0x00000007c0000000)
  eden space 12288K, 0% used [0x000000076ab00000,0x000000076ab00000,0x000000076b700000)
  from space 2560K, 25% used [0x000000076b700000,0x000000076b7a0000,0x000000076b980000)
  to   space 2560K, 0% used [0x000000076b980000,0x000000076b980000,0x000000076bc00000)
 ParOldGen       total 260608K, used 8925K [0x00000006c0000000, 0x00000006cfe80000, 0x000000076ab00000)
  object space 260608K, 3% used [0x00000006c0000000,0x00000006c08b7410,0x00000006cfe80000)
 Metaspace       used 16011K, capacity 16198K, committed 16384K, reserved 1062912K
  class space    used 2270K, capacity 2300K, committed 2304K, reserved 1048576K
Event: 3.938 GC heap after
Heap after GC invocations=12 (full 1):
 PSYoungGen      total 14848K, used 0K [0x000000076ab00000, 0x000000076bc00000, 0x00000007c0000000)
  eden space 12288K, 0% used [0x000000076ab00000,0x000000076ab00000,0x000000076b700000)
  from space 2560K, 0% used [0x000000076b700000,0x000000076b700000,0x000000076b980000)
  to   space 2560K, 0% used [0x000000076b980000,0x000000076b980000,0x000000076bc00000)
 ParOldGen       total 260608K, used 6887K [0x00000006c0000000, 0x00000006cfe80000, 0x000000076ab00000)
  object space 260608K, 2% used [0x00000006c0000000,0x00000006c06b9fa0,0x00000006cfe80000)
 Metaspace       used 16011K, capacity 16198K, committed 16384K, reserved 1062912K
  class space    used 2270K, capacity 2300K, committed 2304K, reserved 1048576K
}
Event: 5.596 GC heap before
{Heap before GC invocations=13 (full 1):
 PSYoungGen      total 14848K, used 12288K [0x000000076ab00000, 0x000000076bc00000, 0x00000007c0000000)
  eden space 12288K, 100% used [0x000000076ab00000,0x000000076b700000,0x000000076b700000)
  from space 2560K, 0% used [0x000000076b700000,0x000000076b700000,0x000000076b980000)
  to   space 2560K, 0% used [0x000000076b980000,0x000000076b980000,0x000000076bc00000)
 ParOldGen       total 260608K, used 6887K [0x00000006c0000000, 0x00000006cfe80000, 0x000000076ab00000)
  object space 260608K, 2% used [0x00000006c0000000,0x00000006c06b9fa0,0x00000006cfe80000)
 Metaspace       used 18011K, capacity 18208K, committed 18432K, reserved 1064960K
  class space    used 2668K, capacity 2690K, committed 2816K, reserved 1048576K
Event: 5.597 GC heap after
Heap after GC invocations=13 (full 1):
 PSYoungGen      total 14848K, used 1088K [0x000000076ab00000, 0x000000076c380000, 0x00000007c0000000)
  eden space 12288K, 0% used [0x000000076ab00000,0x000000076ab00000,0x000000076b700000)
  from space 2560K, 42% used [0x000000076b980000,0x000000076ba90000,0x000000076bc00000)
  to   space 2560K, 0% used [0x000000076b700000,0x000000076b700000,0x000000076b980000)
 ParOldGen       total 260608K, used 6895K [0x00000006c0000000, 0x00000006cfe80000, 0x000000076ab00000)
  object space 260608K, 2% used [0x00000006c0000000,0x00000006c06bbfa0,0x00000006cfe80000)
 Metaspace       used 18011K, capacity 18208K, committed 18432K, reserved 1064960K
  class space    used 2668K, capacity 2690K, committed 2816K, reserved 1048576K
}
Event: 18.272 GC heap before
{Heap before GC invocations=14 (full 1):
 PSYoungGen      total 14848K, used 13376K [0x000000076ab00000, 0x000000076c380000, 0x00000007c0000000)
  eden space 12288K, 100% used [0x000000076ab00000,0x000000076b700000,0x000000076b700000)
  from space 2560K, 42% used [0x000000076b980000,0x000000076ba90000,0x000000076bc00000)
  to   space 2560K, 0% used [0x000000076b700000,0x000000076b700000,0x000000076b980000)
 ParOldGen       total 260608K, used 6895K [0x00000006c0000000, 0x00000006cfe80000, 0x000000076ab00000)
  object space 260608K, 2% used [0x00000006c0000000,0x00000006c06bbfa0,0x00000006cfe80000)
 Metaspace       used 18718K, capacity 18922K, committed 19200K, reserved 1064960K
  class space    used 2697K, capacity 2768K, committed 2816K, reserved 1048576K
Event: 18.274 GC heap after
Heap after GC invocations=14 (full 1):
 PSYoungGen      total 12800K, used 768K [0x000000076ab00000, 0x000000076bb80000, 0x00000007c0000000)
  eden space 11776K, 0% used [0x000000076ab00000,0x000000076ab00000,0x000000076b680000)
  from space 1024K, 75% used [0x000000076b700000,0x000000076b7c0000,0x000000076b800000)
  to   space 2560K, 0% used [0x000000076b900000,0x000000076b900000,0x000000076bb80000)
 ParOldGen       total 260608K, used 7747K [0x00000006c0000000, 0x00000006cfe80000, 0x000000076ab00000)
  object space 260608K, 2% used [0x00000006c0000000,0x00000006c0790fe0,0x00000006cfe80000)
 Metaspace       used 18718K, capacity 18922K, committed 19200K, reserved 1064960K
  class space    used 2697K, capacity 2768K, committed 2816K, reserved 1048576K
}

