# JRE version: Java(TM) SE Runtime Environment (8.0_05-b13) (build 1.8.0_05-b13)
# Java VM: Java HotSpot(TM) 64-Bit Server VM (25.5-b02 mixed mode bsd-amd64 compressed oops)
Heap:
 PSYoungGen      total 13824K, used 6518K [0x000000076ab00000, 0x000000076bc80000, 0x00000007c0000000)
  eden space 12800K, 45% used [0x000000076ab00000,0x000000076b0adaf0,0x000000076b780000)
  from space 1024K, 68% used [0x000000076b800000,0x000000076b8b0000,0x000000076b900000)
  to   space 2560K, 0% used [0x000000076ba00000,0x000000076ba00000,0x000000076bc80000)
 ParOldGen       total 260608K, used 7734K [0x00000006c0000000, 0x00000006cfe80000, 0x000000076ab00000)
  object space 260608K, 2% used [0x00000006c0000000,0x00000006c078dab8,0x00000006cfe80000)
 Metaspace       used 18790K, capacity 19042K, committed 19200K, reserved 1064960K
  class space    used 2705K, capacity 2804K, committed 2816K, reserved 1048576K
GC Heap History (10 events):
Event: 3.225 GC heap before
{Heap before GC invocations=10 (full 0):
 PSYoungGen      total 9728K, used 9712K [0x000000076ab00000, 0x000000076bd00000, 0x00000007c0000000)
  eden space 8192K, 100% used [0x000000076ab00000,0x000000076b300000,0x000000076b300000)
  from space 1536K, 98% used [0x000000076b300000,0x000000076b47c010,0x000000076b480000)
  to   space 2560K, 0% used [0x000000076ba80000,0x000000076ba80000,0x000000076bd00000)
 ParOldGen       total 260608K, used 2843K [0x00000006c0000000, 0x00000006cfe80000, 0x000000076ab00000)
  object space 260608K, 1% used [0x00000006c0000000,0x00000006c02c6fe0,0x00000006cfe80000)
 Metaspace       used 14637K, capacity 14786K, committed 14976K, reserved 1062912K
  class space    used 2097K, capacity 2133K, committed 2176K, reserved 1048576K
Event: 3.229 GC heap after
Heap after GC invocations=10 (full 0):
 PSYoungGen      total 15872K, used 1618K [0x000000076ab00000, 0x000000076bd00000, 0x00000007c0000000)
  eden space 13312K, 0% used [0x000000076ab00000,0x000000076ab00000,0x000000076b800000)
  from space 2560K, 63% used [0x000000076ba80000,0x000000076bc14a80,0x000000076bd00000)
  to   space 2560K, 0% used [0x000000076b800000,0x000000076b800000,0x000000076ba80000)
 ParOldGen       total 260608K, used 7596K [0x00000006c0000000, 0x00000006cfe80000, 0x000000076ab00000)
  object space 260608K, 2% used [0x00000006c0000000,0x00000006c076b010,0x00000006cfe80000)
 Metaspace       used 14637K, capacity 14786K, committed 14976K, reserved 1062912K
  class space    used 2097K, capacity 2133K, committed 2176K, reserved 1048576K
}
Event: 4.356 GC heap before
{Heap before GC invocations=11 (full 0):
 PSYoungGen      total 15872K, used 3469K [0x000000076ab00000, 0x000000076bd00000, 0x00000007c0000000)
  eden space 13312K, 13% used [0x000000076ab00000,0x000000076acceb80,0x000000076b800000)
  from space 2560K, 63% used [0x000000076ba80000,0x000000076bc14a80,0x000000076bd00000)
  to   space 2560K, 0% used [0x000000076b800000,0x000000076b800000,0x000000076ba80000)
 ParOldGen       total 260608K, used 7596K [0x00000006c0000000, 0x00000006cfe80000, 0x000000076ab00000)
  object space 260608K, 2% used [0x00000006c0000000,0x00000006c076b010,0x00000006cfe80000)
 Metaspace       used 16000K, capacity 16198K, committed 16384K, reserved 1062912K
  class space    used 2270K, capacity 2300K, committed 2304K, reserved 1048576K
Event: 4.358 GC heap after
Heap after GC invocations=11 (full 0):
 PSYoungGen      total 15872K, used 544K [0x000000076ab00000, 0x000000076bd00000, 0x00000007c0000000)
  eden space 13312K, 0% used [0x000000076ab00000,0x000000076ab00000,0x000000076b800000)
  from space 2560K, 21% used [0x000000076b800000,0x000000076b888000,0x000000076ba80000)
  to   space 2560K, 0% used [0x000000076ba80000,0x000000076ba80000,0x000000076bd00000)
 ParOldGen       total 260608K, used 9094K [0x00000006c0000000, 0x00000006cfe80000, 0x000000076ab00000)
  object space 260608K, 3% used [0x00000006c0000000,0x00000006c08e18f8,0x00000006cfe80000)
 Metaspace       used 16000K, capacity 16198K, committed 16384K, reserved 1062912K
  class space    used 2270K, capacity 2300K, committed 2304K, reserved 1048576K
}
Event: 4.358 GC heap before
{Heap before GC invocations=12 (full 1):
 PSYoungGen      total 15872K, used 544K [0x000000076ab00000, 0x000000076bd00000, 0x00000007c0000000)
  eden space 13312K, 0% used [0x000000076ab00000,0x000000076ab00000,0x000000076b800000)
  from space 2560K, 21% used [0x000000076b800000,0x000000076b888000,0x000000076ba80000)
  to   space 2560K, 0% used [0x000000076ba80000,0x000000076ba80000,0x000000076bd00000)
 ParOldGen       total 260608K, used 9094K [0x00000006c0000000, 0x00000006cfe80000, 0x000000076ab00000)
  object space 260608K, 3% used [0x00000006c0000000,0x00000006c08e18f8,0x00000006cfe80000)
 Metaspace       used 16000K, capacity 16198K, committed 16384K, reserved 1062912K
  class space    used 2270K, capacity 2300K, committed 2304K, reserved 1048576K
Event: 4.395 GC heap after
Heap after GC invocations=12 (full 1):
 PSYoungGen      total 15872K, used 0K [0x000000076ab00000, 0x000000076bd00000, 0x00000007c0000000)
  eden space 13312K, 0% used [0x000000076ab00000,0x000000076ab00000,0x000000076b800000)
  from space 2560K, 0% used [0x000000076b800000,0x000000076b800000,0x000000076ba80000)
  to   space 2560K, 0% used [0x000000076ba80000,0x000000076ba80000,0x000000076bd00000)
 ParOldGen       total 260608K, used 6878K [0x00000006c0000000, 0x00000006cfe80000, 0x000000076ab00000)
  object space 260608K, 2% used [0x00000006c0000000,0x00000006c06b7a88,0x00000006cfe80000)
 Metaspace       used 16000K, capacity 16198K, committed 16384K, reserved 1062912K
  class space    used 2270K, capacity 2300K, committed 2304K, reserved 1048576K
}
Event: 6.180 GC heap before
{Heap before GC invocations=13 (full 1):
 PSYoungGen      total 15872K, used 13312K [0x000000076ab00000, 0x000000076bd00000, 0x00000007c0000000)
  eden space 13312K, 100% used [0x000000076ab00000,0x000000076b800000,0x000000076b800000)
  from space 2560K, 0% used [0x000000076b800000,0x000000076b800000,0x000000076ba80000)
  to   space 2560K, 0% used [0x000000076ba80000,0x000000076ba80000,0x000000076bd00000)
 ParOldGen       total 260608K, used 6878K [0x00000006c0000000, 0x00000006cfe80000, 0x000000076ab00000)
  object space 260608K, 2% used [0x00000006c0000000,0x00000006c06b7a88,0x00000006cfe80000)
 Metaspace       used 18047K, capacity 18220K, committed 18432K, reserved 1064960K
  class space    used 2664K, capacity 2692K, committed 2816K, reserved 1048576K
Event: 6.182 GC heap after
Heap after GC invocations=13 (full 1):
 PSYoungGen      total 15872K, used 1120K [0x000000076ab00000, 0x000000076c500000, 0x00000007c0000000)
  eden space 13312K, 0% used [0x000000076ab00000,0x000000076ab00000,0x000000076b800000)
  from space 2560K, 43% used [0x000000076ba80000,0x000000076bb98000,0x000000076bd00000)
  to   space 2560K, 0% used [0x000000076b800000,0x000000076b800000,0x000000076ba80000)
 ParOldGen       total 260608K, used 6886K [0x00000006c0000000, 0x00000006cfe80000, 0x000000076ab00000)
  object space 260608K, 2% used [0x00000006c0000000,0x00000006c06b9a88,0x00000006cfe80000)
 Metaspace       used 18047K, capacity 18220K, committed 18432K, reserved 1064960K
  class space    used 2664K, capacity 2692K, committed 2816K, reserved 1048576K
}
Event: 17.108 GC heap before
{Heap before GC invocations=14 (full 1):
 PSYoungGen      total 15872K, used 14432K [0x000000076ab00000, 0x000000076c500000, 0x00000007c0000000)
  eden space 13312K, 100% used [0x000000076ab00000,0x000000076b800000,0x000000076b800000)
  from space 2560K, 43% used [0x000000076ba80000,0x000000076bb98000,0x000000076bd00000)
  to   space 2560K, 0% used [0x000000076b800000,0x000000076b800000,0x000000076ba80000)
 ParOldGen       total 260608K, used 6886K [0x00000006c0000000, 0x00000006cfe80000, 0x000000076ab00000)
  object space 260608K, 2% used [0x00000006c0000000,0x00000006c06b9a88,0x00000006cfe80000)
 Metaspace       used 18666K, capacity 18922K, committed 19200K, reserved 1064960K
  class space    used 2693K, capacity 2768K, committed 2816K, reserved 1048576K
Event: 17.110 GC heap after
Heap after GC invocations=14 (full 1):
 PSYoungGen      total 13824K, used 704K [0x000000076ab00000, 0x000000076bc80000, 0x00000007c0000000)
  eden space 12800K, 0% used [0x000000076ab00000,0x000000076ab00000,0x000000076b780000)
  from space 1024K, 68% used [0x000000076b800000,0x000000076b8b0000,0x000000076b900000)
  to   space 2560K, 0% used [0x000000076ba00000,0x000000076ba00000,0x000000076bc80000)
 ParOldGen       total 260608K, used 7734K [0x00000006c0000000, 0x00000006cfe80000, 0x000000076ab00000)
  object space 260608K, 2% used [0x00000006c0000000,0x00000006c078dab8,0x00000006cfe80000)
 Metaspace       used 18666K, capacity 18922K, committed 19200K, reserved 1064960K
  class space    used 2693K, capacity 2768K, committed 2816K, reserved 1048576K
}

