# JRE version: Java(TM) SE Runtime Environment (8.0_05-b13) (build 1.8.0_05-b13)
# Java VM: Java HotSpot(TM) 64-Bit Server VM (25.5-b02 mixed mode bsd-amd64 compressed oops)
Heap:
 PSYoungGen      total 13824K, used 10746K [0x000000076ab00000, 0x000000076bb80000, 0x00000007c0000000)
  eden space 12800K, 78% used [0x000000076ab00000,0x000000076b4c6960,0x000000076b780000)
  from space 1024K, 71% used [0x000000076b800000,0x000000076b8b8000,0x000000076b900000)
  to   space 2048K, 0% used [0x000000076b980000,0x000000076b980000,0x000000076bb80000)
 ParOldGen       total 260608K, used 7691K [0x00000006c0000000, 0x00000006cfe80000, 0x000000076ab00000)
  object space 260608K, 2% used [0x00000006c0000000,0x00000006c0782e90,0x00000006cfe80000)
 Metaspace       used 19262K, capacity 19508K, committed 19712K, reserved 1067008K
  class space    used 2727K, capacity 2807K, committed 2816K, reserved 1048576K
GC Heap History (10 events):
Event: 8.914 GC heap before
{Heap before GC invocations=10 (full 0):
 PSYoungGen      total 9728K, used 9728K [0x000000076ab00000, 0x000000076bd00000, 0x00000007c0000000)
  eden space 8192K, 100% used [0x000000076ab00000,0x000000076b300000,0x000000076b300000)
  from space 1536K, 100% used [0x000000076b300000,0x000000076b480000,0x000000076b480000)
  to   space 2560K, 0% used [0x000000076ba80000,0x000000076ba80000,0x000000076bd00000)
 ParOldGen       total 260608K, used 2677K [0x00000006c0000000, 0x00000006cfe80000, 0x000000076ab00000)
  object space 260608K, 1% used [0x00000006c0000000,0x00000006c029d758,0x00000006cfe80000)
 Metaspace       used 14655K, capacity 14786K, committed 14976K, reserved 1062912K
  class space    used 2102K, capacity 2133K, committed 2176K, reserved 1048576K
Event: 8.918 GC heap after
Heap after GC invocations=10 (full 0):
 PSYoungGen      total 15872K, used 1538K [0x000000076ab00000, 0x000000076bd00000, 0x00000007c0000000)
  eden space 13312K, 0% used [0x000000076ab00000,0x000000076ab00000,0x000000076b800000)
  from space 2560K, 60% used [0x000000076ba80000,0x000000076bc00a90,0x000000076bd00000)
  to   space 2560K, 0% used [0x000000076b800000,0x000000076b800000,0x000000076ba80000)
 ParOldGen       total 260608K, used 7557K [0x00000006c0000000, 0x00000006cfe80000, 0x000000076ab00000)
  object space 260608K, 2% used [0x00000006c0000000,0x00000006c0761788,0x00000006cfe80000)
 Metaspace       used 14655K, capacity 14786K, committed 14976K, reserved 1062912K
  class space    used 2102K, capacity 2133K, committed 2176K, reserved 1048576K
}
Event: 9.873 GC heap before
{Heap before GC invocations=11 (full 0):
 PSYoungGen      total 15872K, used 3538K [0x000000076ab00000, 0x000000076bd00000, 0x00000007c0000000)
  eden space 13312K, 15% used [0x000000076ab00000,0x000000076acf4028,0x000000076b800000)
  from space 2560K, 60% used [0x000000076ba80000,0x000000076bc00a90,0x000000076bd00000)
  to   space 2560K, 0% used [0x000000076b800000,0x000000076b800000,0x000000076ba80000)
 ParOldGen       total 260608K, used 7557K [0x00000006c0000000, 0x00000006cfe80000, 0x000000076ab00000)
  object space 260608K, 2% used [0x00000006c0000000,0x00000006c0761788,0x00000006cfe80000)
 Metaspace       used 16036K, capacity 16198K, committed 16384K, reserved 1062912K
  class space    used 2274K, capacity 2300K, committed 2304K, reserved 1048576K
Event: 9.875 GC heap after
Heap after GC invocations=11 (full 0):
 PSYoungGen      total 15872K, used 544K [0x000000076ab00000, 0x000000076bd00000, 0x00000007c0000000)
  eden space 13312K, 0% used [0x000000076ab00000,0x000000076ab00000,0x000000076b800000)
  from space 2560K, 21% used [0x000000076b800000,0x000000076b888000,0x000000076ba80000)
  to   space 2560K, 0% used [0x000000076ba80000,0x000000076ba80000,0x000000076bd00000)
 ParOldGen       total 260608K, used 8949K [0x00000006c0000000, 0x00000006cfe80000, 0x000000076ab00000)
  object space 260608K, 3% used [0x00000006c0000000,0x00000006c08bd740,0x00000006cfe80000)
 Metaspace       used 16036K, capacity 16198K, committed 16384K, reserved 1062912K
  class space    used 2274K, capacity 2300K, committed 2304K, reserved 1048576K
}
Event: 9.875 GC heap before
{Heap before GC invocations=12 (full 1):
 PSYoungGen      total 15872K, used 544K [0x000000076ab00000, 0x000000076bd00000, 0x00000007c0000000)
  eden space 13312K, 0% used [0x000000076ab00000,0x000000076ab00000,0x000000076b800000)
  from space 2560K, 21% used [0x000000076b800000,0x000000076b888000,0x000000076ba80000)
  to   space 2560K, 0% used [0x000000076ba80000,0x000000076ba80000,0x000000076bd00000)
 ParOldGen       total 260608K, used 8949K [0x00000006c0000000, 0x00000006cfe80000, 0x000000076ab00000)
  object space 260608K, 3% used [0x00000006c0000000,0x00000006c08bd740,0x00000006cfe80000)
 Metaspace       used 16036K, capacity 16198K, committed 16384K, reserved 1062912K
  class space    used 2274K, capacity 2300K, committed 2304K, reserved 1048576K
Event: 9.913 GC heap after
Heap after GC invocations=12 (full 1):
 PSYoungGen      total 15872K, used 0K [0x000000076ab00000, 0x000000076bd00000, 0x00000007c0000000)
  eden space 13312K, 0% used [0x000000076ab00000,0x000000076ab00000,0x000000076b800000)
  from space 2560K, 0% used [0x000000076b800000,0x000000076b800000,0x000000076ba80000)
  to   space 2560K, 0% used [0x000000076ba80000,0x000000076ba80000,0x000000076bd00000)
 ParOldGen       total 260608K, used 6859K [0x00000006c0000000, 0x00000006cfe80000, 0x000000076ab00000)
  object space 260608K, 2% used [0x00000006c0000000,0x00000006c06b2e80,0x00000006cfe80000)
 Metaspace       used 16036K, capacity 16198K, committed 16384K, reserved 1062912K
  class space    used 2274K, capacity 2300K, committed 2304K, reserved 1048576K
}
Event: 23.636 GC heap before
{Heap before GC invocations=13 (full 1):
 PSYoungGen      total 15872K, used 13312K [0x000000076ab00000, 0x000000076bd00000, 0x00000007c0000000)
  eden space 13312K, 100% used [0x000000076ab00000,0x000000076b800000,0x000000076b800000)
  from space 2560K, 0% used [0x000000076b800000,0x000000076b800000,0x000000076ba80000)
  to   space 2560K, 0% used [0x000000076ba80000,0x000000076ba80000,0x000000076bd00000)
 ParOldGen       total 260608K, used 6859K [0x00000006c0000000, 0x00000006cfe80000, 0x000000076ab00000)
  object space 260608K, 2% used [0x00000006c0000000,0x00000006c06b2e80,0x00000006cfe80000)
 Metaspace       used 18152K, capacity 18342K, committed 18688K, reserved 1064960K
  class space    used 2669K, capacity 2691K, committed 2816K, reserved 1048576K
Event: 23.638 GC heap after
Heap after GC invocations=13 (full 1):
 PSYoungGen      total 15872K, used 1056K [0x000000076ab00000, 0x000000076c500000, 0x00000007c0000000)
  eden space 13312K, 0% used [0x000000076ab00000,0x000000076ab00000,0x000000076b800000)
  from space 2560K, 41% used [0x000000076ba80000,0x000000076bb88000,0x000000076bd00000)
  to   space 2560K, 0% used [0x000000076b800000,0x000000076b800000,0x000000076ba80000)
 ParOldGen       total 260608K, used 6867K [0x00000006c0000000, 0x00000006cfe80000, 0x000000076ab00000)
  object space 260608K, 2% used [0x00000006c0000000,0x00000006c06b4e80,0x00000006cfe80000)
 Metaspace       used 18152K, capacity 18342K, committed 18688K, reserved 1064960K
  class space    used 2669K, capacity 2691K, committed 2816K, reserved 1048576K
}
Event: 34.731 GC heap before
{Heap before GC invocations=14 (full 1):
 PSYoungGen      total 15872K, used 14368K [0x000000076ab00000, 0x000000076c500000, 0x00000007c0000000)
  eden space 13312K, 100% used [0x000000076ab00000,0x000000076b800000,0x000000076b800000)
  from space 2560K, 41% used [0x000000076ba80000,0x000000076bb88000,0x000000076bd00000)
  to   space 2560K, 0% used [0x000000076b800000,0x000000076b800000,0x000000076ba80000)
 ParOldGen       total 260608K, used 6867K [0x00000006c0000000, 0x00000006cfe80000, 0x000000076ab00000)
  object space 260608K, 2% used [0x00000006c0000000,0x00000006c06b4e80,0x00000006cfe80000)
 Metaspace       used 18847K, capacity 19100K, committed 19200K, reserved 1064960K
  class space    used 2709K, capacity 2803K, committed 2816K, reserved 1048576K
Event: 34.733 GC heap after
Heap after GC invocations=14 (full 1):
 PSYoungGen      total 13824K, used 736K [0x000000076ab00000, 0x000000076bb80000, 0x00000007c0000000)
  eden space 12800K, 0% used [0x000000076ab00000,0x000000076ab00000,0x000000076b780000)
  from space 1024K, 71% used [0x000000076b800000,0x000000076b8b8000,0x000000076b900000)
  to   space 2048K, 0% used [0x000000076b980000,0x000000076b980000,0x000000076bb80000)
 ParOldGen       total 260608K, used 7691K [0x00000006c0000000, 0x00000006cfe80000, 0x000000076ab00000)
  object space 260608K, 2% used [0x00000006c0000000,0x00000006c0782e90,0x00000006cfe80000)
 Metaspace       used 18847K, capacity 19100K, committed 19200K, reserved 1064960K
  class space    used 2709K, capacity 2803K, committed 2816K, reserved 1048576K
}

